<?xml version="1.0" encoding="UTF-8"?>
<testsuite name="com.tata.storeapp.test.TransactionTypeTest" tests="4" skipped="0" failures="0" errors="0" timestamp="2021-02-10T05:20:26" hostname="VishalRatnamMBP.domain.name" time="0.048">
  <properties/>
  <testcase name="[1] CARD" classname="com.tata.storeapp.test.TransactionTypeTest" time="0.037"/>
  <testcase name="[2] WALLET" classname="com.tata.storeapp.test.TransactionTypeTest" time="0.001"/>
  <testcase name="[3] UPI" classname="com.tata.storeapp.test.TransactionTypeTest" time="0.002"/>
  <testcase name="[4] NETBANKING" classname="com.tata.storeapp.test.TransactionTypeTest" time="0.002"/>
  <system-out><![CDATA[]]></system-out>
  <system-err><![CDATA[]]></system-err>
</testsuite>
